<?xml version="1.0" encoding="UTF-8"?>
<!-- Generated by org.testng.reporters.JUnitReportReporter -->
<testsuite skipped="0" hostname="es020" name="Simple1POM.SimplePOMPharma" tests="1" failures="0" timestamp="12 Mar 2019 04:55:53 GMT" time="14.396" errors="0">
  <testcase name="CheckUser" time="14.396" classname="Simple1POM.SimplePOMPharma"/>
</testsuite> <!-- Simple1POM.SimplePOMPharma -->
