<?xml version="1.0" encoding="UTF-8"?>
<!-- Generated by org.testng.reporters.JUnitReportReporter -->
<testsuite skipped="0" hostname="es020" name="MavenSample.DynamicWebTable" tests="1" failures="0" timestamp="12 Mar 2019 04:55:53 GMT" time="6.035" errors="0">
  <testcase name="dynamic" time="6.035" classname="MavenSample.DynamicWebTable"/>
</testsuite> <!-- MavenSample.DynamicWebTable -->
