<?xml version="1.0" encoding="UTF-8"?>
<!-- Generated by org.testng.reporters.JUnitReportReporter -->
<testsuite skipped="0" hostname="es020" name="MavenSample.ActionClass" tests="1" failures="0" timestamp="12 Mar 2019 04:55:53 GMT" time="8.309" errors="0">
  <testcase name="actiontest" time="8.309" classname="MavenSample.ActionClass"/>
</testsuite> <!-- MavenSample.ActionClass -->
