<?xml version="1.0" encoding="UTF-8"?>
<!-- Generated by org.testng.reporters.JUnitReportReporter -->
<testsuite skipped="0" hostname="es020" name="DataProvidePackage.DataProviderExcelData2" tests="2" failures="0" timestamp="15 Mar 2019 11:10:40 GMT" time="18.599" errors="0">
  <testcase name="login" time="8.704" classname="DataProvidePackage.DataProviderExcelData2"/>
  <testcase name="login" time="9.895" classname="DataProvidePackage.DataProviderExcelData2"/>
</testsuite> <!-- DataProvidePackage.DataProviderExcelData2 -->
