<?xml version="1.0" encoding="UTF-8"?>
<!-- Generated by org.testng.reporters.JUnitReportReporter -->
<testsuite skipped="1" hostname="es020" name="DataProvidePackage.DataproviderExcelData" tests="1" failures="0" timestamp="17 May 2019 06:36:00 GMT" time="0.000" errors="0">
  <testcase name="login" time="0.000" classname="DataProvidePackage.DataproviderExcelData">
    <skipped/>
  </testcase> <!-- login -->
</testsuite> <!-- DataProvidePackage.DataproviderExcelData -->
