<?xml version="1.0" encoding="UTF-8"?>
<!-- Generated by org.testng.reporters.JUnitReportReporter -->
<testsuite skipped="0" hostname="es020" name="DataProvidePackage.Dataproviderclass" tests="3" failures="0" timestamp="13 Mar 2019 05:15:37 GMT" time="36.240" errors="0">
  <testcase name="Dpdatalogin" time="11.177" classname="DataProvidePackage.Dataproviderclass"/>
  <testcase name="Dpdatalogin" time="11.331" classname="DataProvidePackage.Dataproviderclass"/>
  <testcase name="Dpdatalogin" time="13.732" classname="DataProvidePackage.Dataproviderclass"/>
</testsuite> <!-- DataProvidePackage.Dataproviderclass -->
