<?xml version="1.0" encoding="UTF-8"?>
<!-- Generated by org.testng.reporters.JUnitReportReporter -->
<testsuite skipped="0" hostname="es020" name="MavenSample.POMAmazonMoueseOver" tests="1" failures="0" timestamp="12 Mar 2019 11:44:54 GMT" time="11.585" errors="0">
  <testcase name="amazon" time="11.585" classname="MavenSample.POMAmazonMoueseOver"/>
</testsuite> <!-- MavenSample.POMAmazonMoueseOver -->
