<?xml version="1.0" encoding="UTF-8"?>
<!-- Generated by org.testng.reporters.JUnitReportReporter -->
<testsuite skipped="0" hostname="es020" name="MavenSample.curieapp" tests="1" failures="0" timestamp="21 May 2019 04:55:57 GMT" time="18.249" errors="0">
  <testcase name="curie" time="18.249" classname="MavenSample.curieapp"/>
</testsuite> <!-- MavenSample.curieapp -->
