<?xml version="1.0" encoding="UTF-8"?>
<!-- Generated by org.testng.reporters.JUnitReportReporter -->
<testsuite skipped="0" hostname="es020" name="DataProvidePackage.Dataprovider2" tests="1" failures="0" timestamp="13 Mar 2019 05:27:37 GMT" time="6.804" errors="0">
  <testcase name="login" time="6.804" classname="DataProvidePackage.Dataprovider2"/>
</testsuite> <!-- DataProvidePackage.Dataprovider2 -->
