<?xml version="1.0" encoding="UTF-8"?>
<!-- Generated by org.testng.reporters.JUnitReportReporter -->
<testsuite skipped="0" hostname="es020" name="MavenSample.MavenSample.ActionClass" tests="1" failures="0" timestamp="11 Mar 2019 09:12:56 GMT" time="5.628" errors="0">
  <testcase name="actiontest" time="5.628" classname="MavenSample.MavenSample.ActionClass"/>
</testsuite> <!-- MavenSample.MavenSample.ActionClass -->
