<?xml version="1.0" encoding="UTF-8"?>
<!-- Generated by org.testng.reporters.JUnitReportReporter -->
<testsuite skipped="0" hostname="es020" name="MavenSample.MavenSample.DynamicWebTable" tests="1" failures="0" timestamp="11 Mar 2019 09:12:56 GMT" time="5.949" errors="0">
  <testcase name="dynamic" time="5.949" classname="MavenSample.MavenSample.DynamicWebTable"/>
</testsuite> <!-- MavenSample.MavenSample.DynamicWebTable -->
